# JRE version: 7.0_17-b02
# Java VM: Java HotSpot(TM) 64-Bit Server VM (23.7-b01 mixed mode bsd-amd64 compressed oops)
Heap
 def new generation   total 2112K, used 976K [0x00000007f3000000, 0x00000007f3240000, 0x00000007f5a00000)
  eden space 1920K,  40% used [0x00000007f3000000, 0x00000007f30c41b0, 0x00000007f31e0000)
  from space 192K,  99% used [0x00000007f31e0000, 0x00000007f320fff8, 0x00000007f3210000)
  to   space 192K,   0% used [0x00000007f3210000, 0x00000007f3210000, 0x00000007f3240000)
 tenured generation   total 7216K, used 5497K [0x00000007f5a00000, 0x00000007f610c000, 0x00000007fae00000)
   the space 7216K,  76% used [0x00000007f5a00000, 0x00000007f5f5e478, 0x00000007f5f5e600, 0x00000007f610c000)
 compacting perm gen  total 21248K, used 10649K [0x00000007fae00000, 0x00000007fc2c0000, 0x0000000800000000)
   the space 21248K,  50% used [0x00000007fae00000, 0x00000007fb866698, 0x00000007fb866800, 0x00000007fc2c0000)
GC Heap History (10 events):
Event: 1.132 GC heap before
{Heap before GC invocations=28 (full 0):
 def new generation   total 2112K, used 1920K [0x00000007f3000000, 0x00000007f3240000, 0x00000007f5a00000)
  eden space 1920K, 100% used [0x00000007f3000000, 0x00000007f31e0000, 0x00000007f31e0000)
  from space 192K,   0% used [0x00000007f3210000, 0x00000007f3210000, 0x00000007f3240000)
  to   space 192K,   0% used [0x00000007f31e0000, 0x00000007f31e0000, 0x00000007f3210000)
 tenured generation   total 4480K, used 1848K [0x00000007f5a00000, 0x00000007f5e60000, 0x00000007fae00000)
   the space 4480K,  41% used [0x00000007f5a00000, 0x00000007f5bce3a0, 0x00000007f5bce400, 0x00000007f5e60000)
 compacting perm gen  total 21248K, used 8865K [0x00000007fae00000, 0x00000007fc2c0000, 0x0000000800000000)
   the space 21248K,  41% used [0x00000007fae00000, 0x00000007fb6a8528, 0x00000007fb6a8600, 0x00000007fc2c0000)
No shared spaces configured.
Event: 1.133 GC heap after
Heap after GC invocations=29 (full 0):
 def new generation   total 2112K, used 0K [0x00000007f3000000, 0x00000007f3240000, 0x00000007f5a00000)
  eden space 1920K,   0% used [0x00000007f3000000, 0x00000007f3000000, 0x00000007f31e0000)
  from space 192K,   0% used [0x00000007f31e0000, 0x00000007f31e0018, 0x00000007f3210000)
  to   space 192K,   0% used [0x00000007f3210000, 0x00000007f3210000, 0x00000007f3240000)
 tenured generation   total 4480K, used 1848K [0x00000007f5a00000, 0x00000007f5e60000, 0x00000007fae00000)
   the space 4480K,  41% used [0x00000007f5a00000, 0x00000007f5bce3a0, 0x00000007f5bce400, 0x00000007f5e60000)
 compacting perm gen  total 21248K, used 8865K [0x00000007fae00000, 0x00000007fc2c0000, 0x0000000800000000)
   the space 21248K,  41% used [0x00000007fae00000, 0x00000007fb6a8528, 0x00000007fb6a8600, 0x00000007fc2c0000)
No shared spaces configured.
}
Event: 1.135 GC heap before
{Heap before GC invocations=29 (full 0):
 def new generation   total 2112K, used 1920K [0x00000007f3000000, 0x00000007f3240000, 0x00000007f5a00000)
  eden space 1920K, 100% used [0x00000007f3000000, 0x00000007f31e0000, 0x00000007f31e0000)
  from space 192K,   0% used [0x00000007f31e0000, 0x00000007f31e0018, 0x00000007f3210000)
  to   space 192K,   0% used [0x00000007f3210000, 0x00000007f3210000, 0x00000007f3240000)
 tenured generation   total 4480K, used 1848K [0x00000007f5a00000, 0x00000007f5e60000, 0x00000007fae00000)
   the space 4480K,  41% used [0x00000007f5a00000, 0x00000007f5bce3a0, 0x00000007f5bce400, 0x00000007f5e60000)
 compacting perm gen  total 21248K, used 8865K [0x00000007fae00000, 0x00000007fc2c0000, 0x0000000800000000)
   the space 21248K,  41% used [0x00000007fae00000, 0x00000007fb6a8528, 0x00000007fb6a8600, 0x00000007fc2c0000)
No shared spaces configured.
Event: 1.136 GC heap after
Heap after GC invocations=30 (full 0):
 def new generation   total 2112K, used 0K [0x00000007f3000000, 0x00000007f3240000, 0x00000007f5a00000)
  eden space 1920K,   0% used [0x00000007f3000000, 0x00000007f3000000, 0x00000007f31e0000)
  from space 192K,   0% used [0x00000007f3210000, 0x00000007f3210000, 0x00000007f3240000)
  to   space 192K,   0% used [0x00000007f31e0000, 0x00000007f31e0000, 0x00000007f3210000)
 tenured generation   total 4480K, used 1848K [0x00000007f5a00000, 0x00000007f5e60000, 0x00000007fae00000)
   the space 4480K,  41% used [0x00000007f5a00000, 0x00000007f5bce3a0, 0x00000007f5bce400, 0x00000007f5e60000)
 compacting perm gen  total 21248K, used 8865K [0x00000007fae00000, 0x00000007fc2c0000, 0x0000000800000000)
   the space 21248K,  41% used [0x00000007fae00000, 0x00000007fb6a8528, 0x00000007fb6a8600, 0x00000007fc2c0000)
No shared spaces configured.
}
Event: 1.139 GC heap before
{Heap before GC invocations=30 (full 0):
 def new generation   total 2112K, used 1920K [0x00000007f3000000, 0x00000007f3240000, 0x00000007f5a00000)
  eden space 1920K, 100% used [0x00000007f3000000, 0x00000007f31e0000, 0x00000007f31e0000)
  from space 192K,   0% used [0x00000007f3210000, 0x00000007f3210000, 0x00000007f3240000)
  to   space 192K,   0% used [0x00000007f31e0000, 0x00000007f31e0000, 0x00000007f3210000)
 tenured generation   total 4480K, used 1848K [0x00000007f5a00000, 0x00000007f5e60000, 0x00000007fae00000)
   the space 4480K,  41% used [0x00000007f5a00000, 0x00000007f5bce3a0, 0x00000007f5bce400, 0x00000007f5e60000)
 compacting perm gen  total 21248K, used 8865K [0x00000007fae00000, 0x00000007fc2c0000, 0x0000000800000000)
   the space 21248K,  41% used [0x00000007fae00000, 0x00000007fb6a8528, 0x00000007fb6a8600, 0x00000007fc2c0000)
No shared spaces configured.
Event: 1.139 GC heap after
Heap after GC invocations=31 (full 0):
 def new generation   total 2112K, used 0K [0x00000007f3000000, 0x00000007f3240000, 0x00000007f5a00000)
  eden space 1920K,   0% used [0x00000007f3000000, 0x00000007f3000000, 0x00000007f31e0000)
  from space 192K,   0% used [0x00000007f31e0000, 0x00000007f31e0000, 0x00000007f3210000)
  to   space 192K,   0% used [0x00000007f3210000, 0x00000007f3210000, 0x00000007f3240000)
 tenured generation   total 4480K, used 1848K [0x00000007f5a00000, 0x00000007f5e60000, 0x00000007fae00000)
   the space 4480K,  41% used [0x00000007f5a00000, 0x00000007f5bce3a0, 0x00000007f5bce400, 0x00000007f5e60000)
 compacting perm gen  total 21248K, used 8865K [0x00000007fae00000, 0x00000007fc2c0000, 0x0000000800000000)
   the space 21248K,  41% used [0x00000007fae00000, 0x00000007fb6a8528, 0x00000007fb6a8600, 0x00000007fc2c0000)
No shared spaces configured.
}
Event: 1.192 GC heap before
{Heap before GC invocations=31 (full 0):
 def new generation   total 2112K, used 775K [0x00000007f3000000, 0x00000007f3240000, 0x00000007f5a00000)
  eden space 1920K,  40% used [0x00000007f3000000, 0x00000007f30c1d90, 0x00000007f31e0000)
  from space 192K,   0% used [0x00000007f31e0000, 0x00000007f31e0000, 0x00000007f3210000)
  to   space 192K,   0% used [0x00000007f3210000, 0x00000007f3210000, 0x00000007f3240000)
 tenured generation   total 4480K, used 1848K [0x00000007f5a00000, 0x00000007f5e60000, 0x00000007fae00000)
   the space 4480K,  41% used [0x00000007f5a00000, 0x00000007f5bce3a0, 0x00000007f5bce400, 0x00000007f5e60000)
 compacting perm gen  total 21248K, used 9538K [0x00000007fae00000, 0x00000007fc2c0000, 0x0000000800000000)
   the space 21248K,  44% used [0x00000007fae00000, 0x00000007fb7508c0, 0x00000007fb750a00, 0x00000007fc2c0000)
No shared spaces configured.
Event: 1.209 GC heap after
Heap after GC invocations=32 (full 1):
 def new generation   total 2112K, used 0K [0x00000007f3000000, 0x00000007f3240000, 0x00000007f5a00000)
  eden space 1920K,   0% used [0x00000007f3000000, 0x00000007f3000000, 0x00000007f31e0000)
  from space 192K,   0% used [0x00000007f3210000, 0x00000007f3210000, 0x00000007f3240000)
  to   space 192K,   0% used [0x00000007f31e0000, 0x00000007f31e0000, 0x00000007f3210000)
 tenured generation   total 4480K, used 1883K [0x00000007f5a00000, 0x00000007f5e60000, 0x00000007fae00000)
   the space 4480K,  42% used [0x00000007f5a00000, 0x00000007f5bd6f18, 0x00000007f5bd7000, 0x00000007f5e60000)
 compacting perm gen  total 21248K, used 9538K [0x00000007fae00000, 0x00000007fc2c0000, 0x0000000800000000)
   the space 21248K,  44% used [0x00000007fae00000, 0x00000007fb7508c0, 0x00000007fb750a00, 0x00000007fc2c0000)
No shared spaces configured.
}
Event: 1.817 GC heap before
{Heap before GC invocations=32 (full 1):
 def new generation   total 2112K, used 1744K [0x00000007f3000000, 0x00000007f3240000, 0x00000007f5a00000)
  eden space 1920K,  90% used [0x00000007f3000000, 0x00000007f31b4080, 0x00000007f31e0000)
  from space 192K,   0% used [0x00000007f3210000, 0x00000007f3210000, 0x00000007f3240000)
  to   space 192K,   0% used [0x00000007f31e0000, 0x00000007f31e0000, 0x00000007f3210000)
 tenured generation   total 7216K, used 4618K [0x00000007f5a00000, 0x00000007f610c000, 0x00000007fae00000)
   the space 7216K,  63% used [0x00000007f5a00000, 0x00000007f5e828a8, 0x00000007f5e82a00, 0x00000007f610c000)
 compacting perm gen  total 21248K, used 10633K [0x00000007fae00000, 0x00000007fc2c0000, 0x0000000800000000)
   the space 21248K,  50% used [0x00000007fae00000, 0x00000007fb862580, 0x00000007fb862600, 0x00000007fc2c0000)
No shared spaces configured.
Event: 1.823 GC heap after
Heap after GC invocations=33 (full 1):
 def new generation   total 2112K, used 191K [0x00000007f3000000, 0x00000007f3240000, 0x00000007f5a00000)
  eden space 1920K,   0% used [0x00000007f3000000, 0x00000007f3000000, 0x00000007f31e0000)
  from space 192K,  99% used [0x00000007f31e0000, 0x00000007f320fff8, 0x00000007f3210000)
  to   space 192K,   0% used [0x00000007f3210000, 0x00000007f3210000, 0x00000007f3240000)
 tenured generation   total 7216K, used 5497K [0x00000007f5a00000, 0x00000007f610c000, 0x00000007fae00000)
   the space 7216K,  76% used [0x00000007f5a00000, 0x00000007f5f5e478, 0x00000007f5f5e600, 0x00000007f610c000)
 compacting perm gen  total 21248K, used 10633K [0x00000007fae00000, 0x00000007fc2c0000, 0x0000000800000000)
   the space 21248K,  50% used [0x00000007fae00000, 0x00000007fb862580, 0x00000007fb862600, 0x00000007fc2c0000)
No shared spaces configured.
}

