# JRE version: 7.0_17-b02
# Java VM: Java HotSpot(TM) 64-Bit Server VM (23.7-b01 mixed mode bsd-amd64 compressed oops)
Heap
 def new generation   total 5696K, used 1039K [0x00000007e8600000, 0x00000007e8c20000, 0x00000007ee8a0000)
  eden space 5120K,   9% used [0x00000007e8600000, 0x00000007e8673c68, 0x00000007e8b00000)
  from space 576K, 100% used [0x00000007e8b90000, 0x00000007e8c20000, 0x00000007e8c20000)
  to   space 576K,   0% used [0x00000007e8b00000, 0x00000007e8b00000, 0x00000007e8b90000)
 tenured generation   total 12672K, used 8575K [0x00000007ee8a0000, 0x00000007ef500000, 0x00000007fae00000)
   the space 12672K,  67% used [0x00000007ee8a0000, 0x00000007ef0ffe40, 0x00000007ef100000, 0x00000007ef500000)
 compacting perm gen  total 21248K, used 18798K [0x00000007fae00000, 0x00000007fc2c0000, 0x0000000800000000)
   the space 21248K,  88% used [0x00000007fae00000, 0x00000007fc05bac8, 0x00000007fc05bc00, 0x00000007fc2c0000)
GC Heap History (10 events):
Event: 3.794 GC heap before
{Heap before GC invocations=0 (full 0):
 def new generation   total 5696K, used 5120K [0x00000007e8600000, 0x00000007e8c20000, 0x00000007ee8a0000)
  eden space 5120K, 100% used [0x00000007e8600000, 0x00000007e8b00000, 0x00000007e8b00000)
  from space 576K,   0% used [0x00000007e8b00000, 0x00000007e8b00000, 0x00000007e8b90000)
  to   space 576K,   0% used [0x00000007e8b90000, 0x00000007e8b90000, 0x00000007e8c20000)
 tenured generation   total 12672K, used 0K [0x00000007ee8a0000, 0x00000007ef500000, 0x00000007fae00000)
   the space 12672K,   0% used [0x00000007ee8a0000, 0x00000007ee8a0000, 0x00000007ee8a0200, 0x00000007ef500000)
 compacting perm gen  total 21248K, used 10125K [0x00000007fae00000, 0x00000007fc2c0000, 0x0000000800000000)
   the space 21248K,  47% used [0x00000007fae00000, 0x00000007fb7e3590, 0x00000007fb7e3600, 0x00000007fc2c0000)
No shared spaces configured.
Event: 3.812 GC heap after
Heap after GC invocations=1 (full 0):
 def new generation   total 5696K, used 576K [0x00000007e8600000, 0x00000007e8c20000, 0x00000007ee8a0000)
  eden space 5120K,   0% used [0x00000007e8600000, 0x00000007e8600000, 0x00000007e8b00000)
  from space 576K, 100% used [0x00000007e8b90000, 0x00000007e8c20000, 0x00000007e8c20000)
  to   space 576K,   0% used [0x00000007e8b00000, 0x00000007e8b00000, 0x00000007e8b90000)
 tenured generation   total 12672K, used 1873K [0x00000007ee8a0000, 0x00000007ef500000, 0x00000007fae00000)
   the space 12672K,  14% used [0x00000007ee8a0000, 0x00000007eea74780, 0x00000007eea74800, 0x00000007ef500000)
 compacting perm gen  total 21248K, used 10125K [0x00000007fae00000, 0x00000007fc2c0000, 0x0000000800000000)
   the space 21248K,  47% used [0x00000007fae00000, 0x00000007fb7e3590, 0x00000007fb7e3600, 0x00000007fc2c0000)
No shared spaces configured.
}
Event: 3.952 GC heap before
{Heap before GC invocations=1 (full 0):
 def new generation   total 5696K, used 5696K [0x00000007e8600000, 0x00000007e8c20000, 0x00000007ee8a0000)
  eden space 5120K, 100% used [0x00000007e8600000, 0x00000007e8b00000, 0x00000007e8b00000)
  from space 576K, 100% used [0x00000007e8b90000, 0x00000007e8c20000, 0x00000007e8c20000)
  to   space 576K,   0% used [0x00000007e8b00000, 0x00000007e8b00000, 0x00000007e8b90000)
 tenured generation   total 12672K, used 1873K [0x00000007ee8a0000, 0x00000007ef500000, 0x00000007fae00000)
   the space 12672K,  14% used [0x00000007ee8a0000, 0x00000007eea74780, 0x00000007eea74800, 0x00000007ef500000)
 compacting perm gen  total 21248K, used 11741K [0x00000007fae00000, 0x00000007fc2c0000, 0x0000000800000000)
   the space 21248K,  55% used [0x00000007fae00000, 0x00000007fb977598, 0x00000007fb977600, 0x00000007fc2c0000)
No shared spaces configured.
Event: 3.962 GC heap after
Heap after GC invocations=2 (full 0):
 def new generation   total 5696K, used 576K [0x00000007e8600000, 0x00000007e8c20000, 0x00000007ee8a0000)
  eden space 5120K,   0% used [0x00000007e8600000, 0x00000007e8600000, 0x00000007e8b00000)
  from space 576K, 100% used [0x00000007e8b00000, 0x00000007e8b90000, 0x00000007e8b90000)
  to   space 576K,   0% used [0x00000007e8b90000, 0x00000007e8b90000, 0x00000007e8c20000)
 tenured generation   total 12672K, used 2631K [0x00000007ee8a0000, 0x00000007ef500000, 0x00000007fae00000)
   the space 12672K,  20% used [0x00000007ee8a0000, 0x00000007eeb31e30, 0x00000007eeb32000, 0x00000007ef500000)
 compacting perm gen  total 21248K, used 11741K [0x00000007fae00000, 0x00000007fc2c0000, 0x0000000800000000)
   the space 21248K,  55% used [0x00000007fae00000, 0x00000007fb977598, 0x00000007fb977600, 0x00000007fc2c0000)
No shared spaces configured.
}
Event: 53.197 GC heap before
{Heap before GC invocations=2 (full 0):
 def new generation   total 5696K, used 5696K [0x00000007e8600000, 0x00000007e8c20000, 0x00000007ee8a0000)
  eden space 5120K, 100% used [0x00000007e8600000, 0x00000007e8b00000, 0x00000007e8b00000)
  from space 576K, 100% used [0x00000007e8b00000, 0x00000007e8b90000, 0x00000007e8b90000)
  to   space 576K,   0% used [0x00000007e8b90000, 0x00000007e8b90000, 0x00000007e8c20000)
 tenured generation   total 12672K, used 2631K [0x00000007ee8a0000, 0x00000007ef500000, 0x00000007fae00000)
   the space 12672K,  20% used [0x00000007ee8a0000, 0x00000007eeb31e30, 0x00000007eeb32000, 0x00000007ef500000)
 compacting perm gen  total 21248K, used 14520K [0x00000007fae00000, 0x00000007fc2c0000, 0x0000000800000000)
   the space 21248K,  68% used [0x00000007fae00000, 0x00000007fbc2e2f8, 0x00000007fbc2e400, 0x00000007fc2c0000)
No shared spaces configured.
Event: 53.205 GC heap after
Heap after GC invocations=3 (full 0):
 def new generation   total 5696K, used 576K [0x00000007e8600000, 0x00000007e8c20000, 0x00000007ee8a0000)
  eden space 5120K,   0% used [0x00000007e8600000, 0x00000007e8600000, 0x00000007e8b00000)
  from space 576K, 100% used [0x00000007e8b90000, 0x00000007e8c20000, 0x00000007e8c20000)
  to   space 576K,   0% used [0x00000007e8b00000, 0x00000007e8b00000, 0x00000007e8b90000)
 tenured generation   total 12672K, used 3109K [0x00000007ee8a0000, 0x00000007ef500000, 0x00000007fae00000)
   the space 12672K,  24% used [0x00000007ee8a0000, 0x00000007eeba9608, 0x00000007eeba9800, 0x00000007ef500000)
 compacting perm gen  total 21248K, used 14520K [0x00000007fae00000, 0x00000007fc2c0000, 0x0000000800000000)
   the space 21248K,  68% used [0x00000007fae00000, 0x00000007fbc2e2f8, 0x00000007fbc2e400, 0x00000007fc2c0000)
No shared spaces configured.
}
Event: 53.421 GC heap before
{Heap before GC invocations=3 (full 0):
 def new generation   total 5696K, used 5696K [0x00000007e8600000, 0x00000007e8c20000, 0x00000007ee8a0000)
  eden space 5120K, 100% used [0x00000007e8600000, 0x00000007e8b00000, 0x00000007e8b00000)
  from space 576K, 100% used [0x00000007e8b90000, 0x00000007e8c20000, 0x00000007e8c20000)
  to   space 576K,   0% used [0x00000007e8b00000, 0x00000007e8b00000, 0x00000007e8b90000)
 tenured generation   total 12672K, used 3109K [0x00000007ee8a0000, 0x00000007ef500000, 0x00000007fae00000)
   the space 12672K,  24% used [0x00000007ee8a0000, 0x00000007eeba9608, 0x00000007eeba9800, 0x00000007ef500000)
 compacting perm gen  total 21248K, used 17006K [0x00000007fae00000, 0x00000007fc2c0000, 0x0000000800000000)
   the space 21248K,  80% used [0x00000007fae00000, 0x00000007fbe9b858, 0x00000007fbe9ba00, 0x00000007fc2c0000)
No shared spaces configured.
Event: 53.431 GC heap after
Heap after GC invocations=4 (full 0):
 def new generation   total 5696K, used 576K [0x00000007e8600000, 0x00000007e8c20000, 0x00000007ee8a0000)
  eden space 5120K,   0% used [0x00000007e8600000, 0x00000007e8600000, 0x00000007e8b00000)
  from space 576K, 100% used [0x00000007e8b00000, 0x00000007e8b90000, 0x00000007e8b90000)
  to   space 576K,   0% used [0x00000007e8b90000, 0x00000007e8b90000, 0x00000007e8c20000)
 tenured generation   total 12672K, used 6825K [0x00000007ee8a0000, 0x00000007ef500000, 0x00000007fae00000)
   the space 12672K,  53% used [0x00000007ee8a0000, 0x00000007eef4a410, 0x00000007eef4a600, 0x00000007ef500000)
 compacting perm gen  total 21248K, used 17006K [0x00000007fae00000, 0x00000007fc2c0000, 0x0000000800000000)
   the space 21248K,  80% used [0x00000007fae00000, 0x00000007fbe9b858, 0x00000007fbe9ba00, 0x00000007fc2c0000)
No shared spaces configured.
}
Event: 83.768 GC heap before
{Heap before GC invocations=4 (full 0):
 def new generation   total 5696K, used 5696K [0x00000007e8600000, 0x00000007e8c20000, 0x00000007ee8a0000)
  eden space 5120K, 100% used [0x00000007e8600000, 0x00000007e8b00000, 0x00000007e8b00000)
  from space 576K, 100% used [0x00000007e8b00000, 0x00000007e8b90000, 0x00000007e8b90000)
  to   space 576K,   0% used [0x00000007e8b90000, 0x00000007e8b90000, 0x00000007e8c20000)
 tenured generation   total 12672K, used 6825K [0x00000007ee8a0000, 0x00000007ef500000, 0x00000007fae00000)
   the space 12672K,  53% used [0x00000007ee8a0000, 0x00000007eef4a410, 0x00000007eef4a600, 0x00000007ef500000)
 compacting perm gen  total 21248K, used 18699K [0x00000007fae00000, 0x00000007fc2c0000, 0x0000000800000000)
   the space 21248K,  88% used [0x00000007fae00000, 0x00000007fc042f68, 0x00000007fc043000, 0x00000007fc2c0000)
No shared spaces configured.
Event: 83.780 GC heap after
Heap after GC invocations=5 (full 0):
 def new generation   total 5696K, used 576K [0x00000007e8600000, 0x00000007e8c20000, 0x00000007ee8a0000)
  eden space 5120K,   0% used [0x00000007e8600000, 0x00000007e8600000, 0x00000007e8b00000)
  from space 576K, 100% used [0x00000007e8b90000, 0x00000007e8c20000, 0x00000007e8c20000)
  to   space 576K,   0% used [0x00000007e8b00000, 0x00000007e8b00000, 0x00000007e8b90000)
 tenured generation   total 12672K, used 8575K [0x00000007ee8a0000, 0x00000007ef500000, 0x00000007fae00000)
   the space 12672K,  67% used [0x00000007ee8a0000, 0x00000007ef0ffe40, 0x00000007ef100000, 0x00000007ef500000)
 compacting perm gen  total 21248K, used 18699K [0x00000007fae00000, 0x00000007fc2c0000, 0x0000000800000000)
   the space 21248K,  88% used [0x00000007fae00000, 0x00000007fc042f68, 0x00000007fc043000, 0x00000007fc2c0000)
No shared spaces configured.
}

