# JRE version: 7.0_25-b15
# Java VM: Java HotSpot(TM) 64-Bit Server VM (23.25-b01 mixed mode bsd-amd64 compressed oops)
Heap
 def new generation   total 7488K, used 6704K [0x00000007f3000000, 0x00000007f3810000, 0x00000007f5a00000)
  eden space 6720K,  88% used [0x00000007f3000000, 0x00000007f35cec68, 0x00000007f3690000)
  from space 768K,  98% used [0x00000007f3750000, 0x00000007f380d760, 0x00000007f3810000)
  to   space 768K,   0% used [0x00000007f3690000, 0x00000007f3690000, 0x00000007f3750000)
 tenured generation   total 16400K, used 12353K [0x00000007f5a00000, 0x00000007f6a04000, 0x00000007fae00000)
   the space 16400K,  75% used [0x00000007f5a00000, 0x00000007f66107b0, 0x00000007f6610800, 0x00000007f6a04000)
 compacting perm gen  total 21248K, used 17596K [0x00000007fae00000, 0x00000007fc2c0000, 0x0000000800000000)
   the space 21248K,  82% used [0x00000007fae00000, 0x00000007fbf2f0e0, 0x00000007fbf2f200, 0x00000007fc2c0000)
GC Heap History (10 events):
Event: 7.234 GC heap before
{Heap before GC invocations=4 (full 0):
 def new generation   total 1984K, used 1984K [0x00000007f3000000, 0x00000007f3220000, 0x00000007f5a00000)
  eden space 1792K, 100% used [0x00000007f3000000, 0x00000007f31c0000, 0x00000007f31c0000)
  from space 192K, 100% used [0x00000007f31c0000, 0x00000007f31f0000, 0x00000007f31f0000)
  to   space 192K,   0% used [0x00000007f31f0000, 0x00000007f31f0000, 0x00000007f3220000)
 tenured generation   total 4480K, used 3430K [0x00000007f5a00000, 0x00000007f5e60000, 0x00000007fae00000)
   the space 4480K,  76% used [0x00000007f5a00000, 0x00000007f5d59ab8, 0x00000007f5d59c00, 0x00000007f5e60000)
 compacting perm gen  total 21248K, used 16421K [0x00000007fae00000, 0x00000007fc2c0000, 0x0000000800000000)
   the space 21248K,  77% used [0x00000007fae00000, 0x00000007fbe094e0, 0x00000007fbe09600, 0x00000007fc2c0000)
No shared spaces configured.
Event: 7.239 GC heap after
Heap after GC invocations=5 (full 0):
 def new generation   total 1984K, used 191K [0x00000007f3000000, 0x00000007f3220000, 0x00000007f5a00000)
  eden space 1792K,   0% used [0x00000007f3000000, 0x00000007f3000000, 0x00000007f31c0000)
  from space 192K,  99% used [0x00000007f31f0000, 0x00000007f321fff8, 0x00000007f3220000)
  to   space 192K,   0% used [0x00000007f31c0000, 0x00000007f31c0000, 0x00000007f31f0000)
 tenured generation   total 4480K, used 4085K [0x00000007f5a00000, 0x00000007f5e60000, 0x00000007fae00000)
   the space 4480K,  91% used [0x00000007f5a00000, 0x00000007f5dfd4d8, 0x00000007f5dfd600, 0x00000007f5e60000)
 compacting perm gen  total 21248K, used 16421K [0x00000007fae00000, 0x00000007fc2c0000, 0x0000000800000000)
   the space 21248K,  77% used [0x00000007fae00000, 0x00000007fbe094e0, 0x00000007fbe09600, 0x00000007fc2c0000)
No shared spaces configured.
}
Event: 7.399 GC heap before
{Heap before GC invocations=5 (full 0):
 def new generation   total 1984K, used 1983K [0x00000007f3000000, 0x00000007f3220000, 0x00000007f5a00000)
  eden space 1792K, 100% used [0x00000007f3000000, 0x00000007f31c0000, 0x00000007f31c0000)
  from space 192K,  99% used [0x00000007f31f0000, 0x00000007f321fff8, 0x00000007f3220000)
  to   space 192K,   0% used [0x00000007f31c0000, 0x00000007f31c0000, 0x00000007f31f0000)
 tenured generation   total 4480K, used 4085K [0x00000007f5a00000, 0x00000007f5e60000, 0x00000007fae00000)
   the space 4480K,  91% used [0x00000007f5a00000, 0x00000007f5dfd4d8, 0x00000007f5dfd600, 0x00000007f5e60000)
 compacting perm gen  total 21248K, used 16651K [0x00000007fae00000, 0x00000007fc2c0000, 0x0000000800000000)
   the space 21248K,  78% used [0x00000007fae00000, 0x00000007fbe42fb8, 0x00000007fbe43000, 0x00000007fc2c0000)
No shared spaces configured.
Event: 7.443 GC heap after
Heap after GC invocations=6 (full 1):
 def new generation   total 3712K, used 106K [0x00000007f3000000, 0x00000007f3400000, 0x00000007f5a00000)
  eden space 3328K,   3% used [0x00000007f3000000, 0x00000007f301aa18, 0x00000007f3340000)
  from space 384K,   0% used [0x00000007f3340000, 0x00000007f3340000, 0x00000007f33a0000)
  to   space 384K,   0% used [0x00000007f33a0000, 0x00000007f33a0000, 0x00000007f3400000)
 tenured generation   total 8108K, used 4863K [0x00000007f5a00000, 0x00000007f61eb000, 0x00000007fae00000)
   the space 8108K,  59% used [0x00000007f5a00000, 0x00000007f5ebfff8, 0x00000007f5ec0000, 0x00000007f61eb000)
 compacting perm gen  total 21248K, used 16651K [0x00000007fae00000, 0x00000007fc2c0000, 0x0000000800000000)
   the space 21248K,  78% used [0x00000007fae00000, 0x00000007fbe42fb8, 0x00000007fbe43000, 0x00000007fc2c0000)
No shared spaces configured.
}
Event: 7.515 GC heap before
{Heap before GC invocations=6 (full 1):
 def new generation   total 3712K, used 3033K [0x00000007f3000000, 0x00000007f3400000, 0x00000007f5a00000)
  eden space 3328K,  91% used [0x00000007f3000000, 0x00000007f32f6508, 0x00000007f3340000)
  from space 384K,   0% used [0x00000007f3340000, 0x00000007f3340000, 0x00000007f33a0000)
  to   space 384K,   0% used [0x00000007f33a0000, 0x00000007f33a0000, 0x00000007f3400000)
 tenured generation   total 8108K, used 4863K [0x00000007f5a00000, 0x00000007f61eb000, 0x00000007fae00000)
   the space 8108K,  59% used [0x00000007f5a00000, 0x00000007f5ebfff8, 0x00000007f5ec0000, 0x00000007f61eb000)
 compacting perm gen  total 21248K, used 17174K [0x00000007fae00000, 0x00000007fc2c0000, 0x0000000800000000)
   the space 21248K,  80% used [0x00000007fae00000, 0x00000007fbec5a38, 0x00000007fbec5c00, 0x00000007fc2c0000)
No shared spaces configured.
Event: 7.530 GC heap after
Heap after GC invocations=7 (full 1):
 def new generation   total 3712K, used 383K [0x00000007f3000000, 0x00000007f3400000, 0x00000007f5a00000)
  eden space 3328K,   0% used [0x00000007f3000000, 0x00000007f3000000, 0x00000007f3340000)
  from space 384K,  99% used [0x00000007f33a0000, 0x00000007f33ffff8, 0x00000007f3400000)
  to   space 384K,   0% used [0x00000007f3340000, 0x00000007f3340000, 0x00000007f33a0000)
 tenured generation   total 8108K, used 6806K [0x00000007f5a00000, 0x00000007f61eb000, 0x00000007fae00000)
   the space 8108K,  83% used [0x00000007f5a00000, 0x00000007f60a5890, 0x00000007f60a5a00, 0x00000007f61eb000)
 compacting perm gen  total 21248K, used 17174K [0x00000007fae00000, 0x00000007fc2c0000, 0x0000000800000000)
   the space 21248K,  80% used [0x00000007fae00000, 0x00000007fbec5a38, 0x00000007fbec5c00, 0x00000007fc2c0000)
No shared spaces configured.
}
Event: 7.770 GC heap before
{Heap before GC invocations=7 (full 1):
 def new generation   total 3712K, used 3580K [0x00000007f3000000, 0x00000007f3400000, 0x00000007f5a00000)
  eden space 3328K,  96% used [0x00000007f3000000, 0x00000007f331f2e0, 0x00000007f3340000)
  from space 384K,  99% used [0x00000007f33a0000, 0x00000007f33ffff8, 0x00000007f3400000)
  to   space 384K,   0% used [0x00000007f3340000, 0x00000007f3340000, 0x00000007f33a0000)
 tenured generation   total 8108K, used 6806K [0x00000007f5a00000, 0x00000007f61eb000, 0x00000007fae00000)
   the space 8108K,  83% used [0x00000007f5a00000, 0x00000007f60a5890, 0x00000007f60a5a00, 0x00000007f61eb000)
 compacting perm gen  total 21248K, used 17307K [0x00000007fae00000, 0x00000007fc2c0000, 0x0000000800000000)
   the space 21248K,  81% used [0x00000007fae00000, 0x00000007fbee6fd0, 0x00000007fbee7000, 0x00000007fc2c0000)
No shared spaces configured.
Event: 7.814 GC heap after
Heap after GC invocations=8 (full 2):
 def new generation   total 7488K, used 0K [0x00000007f3000000, 0x00000007f3810000, 0x00000007f5a00000)
  eden space 6720K,   0% used [0x00000007f3000000, 0x00000007f3000000, 0x00000007f3690000)
  from space 768K,   0% used [0x00000007f3690000, 0x00000007f3690000, 0x00000007f3750000)
  to   space 768K,   0% used [0x00000007f3750000, 0x00000007f3750000, 0x00000007f3810000)
 tenured generation   total 16400K, used 9839K [0x00000007f5a00000, 0x00000007f6a04000, 0x00000007fae00000)
   the space 16400K,  59% used [0x00000007f5a00000, 0x00000007f639be00, 0x00000007f639be00, 0x00000007f6a04000)
 compacting perm gen  total 21248K, used 17307K [0x00000007fae00000, 0x00000007fc2c0000, 0x0000000800000000)
   the space 21248K,  81% used [0x00000007fae00000, 0x00000007fbee6fd0, 0x00000007fbee7000, 0x00000007fc2c0000)
No shared spaces configured.
}
Event: 29.297 GC heap before
{Heap before GC invocations=8 (full 2):
 def new generation   total 7488K, used 6368K [0x00000007f3000000, 0x00000007f3810000, 0x00000007f5a00000)
  eden space 6720K,  94% used [0x00000007f3000000, 0x00000007f36382b0, 0x00000007f3690000)
  from space 768K,   0% used [0x00000007f3690000, 0x00000007f3690000, 0x00000007f3750000)
  to   space 768K,   0% used [0x00000007f3750000, 0x00000007f3750000, 0x00000007f3810000)
 tenured generation   total 16400K, used 9839K [0x00000007f5a00000, 0x00000007f6a04000, 0x00000007fae00000)
   the space 16400K,  59% used [0x00000007f5a00000, 0x00000007f639be00, 0x00000007f639be00, 0x00000007f6a04000)
 compacting perm gen  total 21248K, used 17488K [0x00000007fae00000, 0x00000007fc2c0000, 0x0000000800000000)
   the space 21248K,  82% used [0x00000007fae00000, 0x00000007fbf14368, 0x00000007fbf14400, 0x00000007fc2c0000)
No shared spaces configured.
Event: 29.302 GC heap after
Heap after GC invocations=9 (full 2):
 def new generation   total 7488K, used 757K [0x00000007f3000000, 0x00000007f3810000, 0x00000007f5a00000)
  eden space 6720K,   0% used [0x00000007f3000000, 0x00000007f3000000, 0x00000007f3690000)
  from space 768K,  98% used [0x00000007f3750000, 0x00000007f380d760, 0x00000007f3810000)
  to   space 768K,   0% used [0x00000007f3690000, 0x00000007f3690000, 0x00000007f3750000)
 tenured generation   total 16400K, used 12353K [0x00000007f5a00000, 0x00000007f6a04000, 0x00000007fae00000)
   the space 16400K,  75% used [0x00000007f5a00000, 0x00000007f66107b0, 0x00000007f6610800, 0x00000007f6a04000)
 compacting perm gen  total 21248K, used 17488K [0x00000007fae00000, 0x00000007fc2c0000, 0x0000000800000000)
   the space 21248K,  82% used [0x00000007fae00000, 0x00000007fbf14368, 0x00000007fbf14400, 0x00000007fc2c0000)
No shared spaces configured.
}

