# JRE version: 7.0_25-b15
# Java VM: Java HotSpot(TM) 64-Bit Server VM (23.25-b01 mixed mode bsd-amd64 compressed oops)
Heap
 def new generation   total 5568K, used 4217K [0x00000007e8c00000, 0x00000007e9200000, 0x00000007eeca0000)
  eden space 4992K,  77% used [0x00000007e8c00000, 0x00000007e8fc4938, 0x00000007e90e0000)
  from space 576K,  62% used [0x00000007e9170000, 0x00000007e91c9b08, 0x00000007e9200000)
  to   space 576K,   0% used [0x00000007e90e0000, 0x00000007e90e0000, 0x00000007e9170000)
 tenured generation   total 12416K, used 6418K [0x00000007eeca0000, 0x00000007ef8c0000, 0x00000007fae00000)
   the space 12416K,  51% used [0x00000007eeca0000, 0x00000007ef2e4a28, 0x00000007ef2e4c00, 0x00000007ef8c0000)
 compacting perm gen  total 21248K, used 17329K [0x00000007fae00000, 0x00000007fc2c0000, 0x0000000800000000)
   the space 21248K,  81% used [0x00000007fae00000, 0x00000007fbeec478, 0x00000007fbeec600, 0x00000007fc2c0000)
GC Heap History (6 events):
Event: 1.914 GC heap before
{Heap before GC invocations=0 (full 0):
 def new generation   total 5568K, used 4900K [0x00000007e8c00000, 0x00000007e9200000, 0x00000007eeca0000)
  eden space 4992K,  98% used [0x00000007e8c00000, 0x00000007e90c9310, 0x00000007e90e0000)
  from space 576K,   0% used [0x00000007e90e0000, 0x00000007e90e0000, 0x00000007e9170000)
  to   space 576K,   0% used [0x00000007e9170000, 0x00000007e9170000, 0x00000007e9200000)
 tenured generation   total 12416K, used 0K [0x00000007eeca0000, 0x00000007ef8c0000, 0x00000007fae00000)
   the space 12416K,   0% used [0x00000007eeca0000, 0x00000007eeca0000, 0x00000007eeca0200, 0x00000007ef8c0000)
 compacting perm gen  total 21248K, used 11978K [0x00000007fae00000, 0x00000007fc2c0000, 0x0000000800000000)
   the space 21248K,  56% used [0x00000007fae00000, 0x00000007fb9b28a0, 0x00000007fb9b2a00, 0x00000007fc2c0000)
No shared spaces configured.
Event: 1.929 GC heap after
Heap after GC invocations=1 (full 0):
 def new generation   total 5568K, used 576K [0x00000007e8c00000, 0x00000007e9200000, 0x00000007eeca0000)
  eden space 4992K,   0% used [0x00000007e8c00000, 0x00000007e8c00000, 0x00000007e90e0000)
  from space 576K, 100% used [0x00000007e9170000, 0x00000007e9200000, 0x00000007e9200000)
  to   space 576K,   0% used [0x00000007e90e0000, 0x00000007e90e0000, 0x00000007e9170000)
 tenured generation   total 12416K, used 2147K [0x00000007eeca0000, 0x00000007ef8c0000, 0x00000007fae00000)
   the space 12416K,  17% used [0x00000007eeca0000, 0x00000007eeeb8f20, 0x00000007eeeb9000, 0x00000007ef8c0000)
 compacting perm gen  total 21248K, used 11978K [0x00000007fae00000, 0x00000007fc2c0000, 0x0000000800000000)
   the space 21248K,  56% used [0x00000007fae00000, 0x00000007fb9b28a0, 0x00000007fb9b2a00, 0x00000007fc2c0000)
No shared spaces configured.
}
Event: 7.519 GC heap before
{Heap before GC invocations=1 (full 0):
 def new generation   total 5568K, used 5568K [0x00000007e8c00000, 0x00000007e9200000, 0x00000007eeca0000)
  eden space 4992K, 100% used [0x00000007e8c00000, 0x00000007e90e0000, 0x00000007e90e0000)
  from space 576K, 100% used [0x00000007e9170000, 0x00000007e9200000, 0x00000007e9200000)
  to   space 576K,   0% used [0x00000007e90e0000, 0x00000007e90e0000, 0x00000007e9170000)
 tenured generation   total 12416K, used 2147K [0x00000007eeca0000, 0x00000007ef8c0000, 0x00000007fae00000)
   the space 12416K,  17% used [0x00000007eeca0000, 0x00000007eeeb8f20, 0x00000007eeeb9000, 0x00000007ef8c0000)
 compacting perm gen  total 21248K, used 16615K [0x00000007fae00000, 0x00000007fc2c0000, 0x0000000800000000)
   the space 21248K,  78% used [0x00000007fae00000, 0x00000007fbe39fc8, 0x00000007fbe3a000, 0x00000007fc2c0000)
No shared spaces configured.
Event: 7.534 GC heap after
Heap after GC invocations=2 (full 0):
 def new generation   total 5568K, used 576K [0x00000007e8c00000, 0x00000007e9200000, 0x00000007eeca0000)
  eden space 4992K,   0% used [0x00000007e8c00000, 0x00000007e8c00000, 0x00000007e90e0000)
  from space 576K, 100% used [0x00000007e90e0000, 0x00000007e9170000, 0x00000007e9170000)
  to   space 576K,   0% used [0x00000007e9170000, 0x00000007e9170000, 0x00000007e9200000)
 tenured generation   total 12416K, used 3955K [0x00000007eeca0000, 0x00000007ef8c0000, 0x00000007fae00000)
   the space 12416K,  31% used [0x00000007eeca0000, 0x00000007ef07cf70, 0x00000007ef07d000, 0x00000007ef8c0000)
 compacting perm gen  total 21248K, used 16615K [0x00000007fae00000, 0x00000007fc2c0000, 0x0000000800000000)
   the space 21248K,  78% used [0x00000007fae00000, 0x00000007fbe39fc8, 0x00000007fbe3a000, 0x00000007fc2c0000)
No shared spaces configured.
}
Event: 7.751 GC heap before
{Heap before GC invocations=2 (full 0):
 def new generation   total 5568K, used 4462K [0x00000007e8c00000, 0x00000007e9200000, 0x00000007eeca0000)
  eden space 4992K,  77% used [0x00000007e8c00000, 0x00000007e8fcb8d8, 0x00000007e90e0000)
  from space 576K, 100% used [0x00000007e90e0000, 0x00000007e9170000, 0x00000007e9170000)
  to   space 576K,   0% used [0x00000007e9170000, 0x00000007e9170000, 0x00000007e9200000)
 tenured generation   total 12416K, used 3955K [0x00000007eeca0000, 0x00000007ef8c0000, 0x00000007fae00000)
   the space 12416K,  31% used [0x00000007eeca0000, 0x00000007ef07cf70, 0x00000007ef07d000, 0x00000007ef8c0000)
 compacting perm gen  total 21248K, used 17176K [0x00000007fae00000, 0x00000007fc2c0000, 0x0000000800000000)
   the space 21248K,  80% used [0x00000007fae00000, 0x00000007fbec62c0, 0x00000007fbec6400, 0x00000007fc2c0000)
No shared spaces configured.
Event: 7.763 GC heap after
Heap after GC invocations=3 (full 0):
 def new generation   total 5568K, used 358K [0x00000007e8c00000, 0x00000007e9200000, 0x00000007eeca0000)
  eden space 4992K,   0% used [0x00000007e8c00000, 0x00000007e8c00000, 0x00000007e90e0000)
  from space 576K,  62% used [0x00000007e9170000, 0x00000007e91c9b08, 0x00000007e9200000)
  to   space 576K,   0% used [0x00000007e90e0000, 0x00000007e90e0000, 0x00000007e9170000)
 tenured generation   total 12416K, used 6418K [0x00000007eeca0000, 0x00000007ef8c0000, 0x00000007fae00000)
   the space 12416K,  51% used [0x00000007eeca0000, 0x00000007ef2e4a28, 0x00000007ef2e4c00, 0x00000007ef8c0000)
 compacting perm gen  total 21248K, used 17176K [0x00000007fae00000, 0x00000007fc2c0000, 0x0000000800000000)
   the space 21248K,  80% used [0x00000007fae00000, 0x00000007fbec62c0, 0x00000007fbec6400, 0x00000007fc2c0000)
No shared spaces configured.
}

