# JRE version: 7.0_25-b15
# Java VM: Java HotSpot(TM) 64-Bit Server VM (23.25-b01 mixed mode bsd-amd64 compressed oops)
Heap
 def new generation   total 7808K, used 2637K [0x00000007f3200000, 0x00000007f3a70000, 0x00000007f5b50000)
  eden space 6976K,  27% used [0x00000007f3200000, 0x00000007f33e7920, 0x00000007f38d0000)
  from space 832K,  82% used [0x00000007f38d0000, 0x00000007f397bc88, 0x00000007f39a0000)
  to   space 832K,   0% used [0x00000007f39a0000, 0x00000007f39a0000, 0x00000007f3a70000)
 tenured generation   total 17224K, used 17024K [0x00000007f5b50000, 0x00000007f6c22000, 0x00000007fae00000)
   the space 17224K,  98% used [0x00000007f5b50000, 0x00000007f6bf0320, 0x00000007f6bf0400, 0x00000007f6c22000)
 compacting perm gen  total 21248K, used 18441K [0x00000007fae00000, 0x00000007fc2c0000, 0x0000000800000000)
   the space 21248K,  86% used [0x00000007fae00000, 0x00000007fc002610, 0x00000007fc002800, 0x00000007fc2c0000)
GC Heap History (10 events):
Event: 70763.504 GC heap before
{Heap before GC invocations=13 (full 3):
 def new generation   total 7808K, used 7300K [0x00000007f3200000, 0x00000007f3a70000, 0x00000007f5b50000)
  eden space 6976K,  92% used [0x00000007f3200000, 0x00000007f3851170, 0x00000007f38d0000)
  from space 832K, 100% used [0x00000007f39a0000, 0x00000007f3a70000, 0x00000007f3a70000)
  to   space 832K,   0% used [0x00000007f38d0000, 0x00000007f38d0000, 0x00000007f39a0000)
 tenured generation   total 17224K, used 12107K [0x00000007f5b50000, 0x00000007f6c22000, 0x00000007fae00000)
   the space 17224K,  70% used [0x00000007f5b50000, 0x00000007f6722e70, 0x00000007f6723000, 0x00000007f6c22000)
 compacting perm gen  total 21248K, used 18245K [0x00000007fae00000, 0x00000007fc2c0000, 0x0000000800000000)
   the space 21248K,  85% used [0x00000007fae00000, 0x00000007fbfd1438, 0x00000007fbfd1600, 0x00000007fc2c0000)
No shared spaces configured.
Event: 70763.508 GC heap after
Heap after GC invocations=14 (full 3):
 def new generation   total 7808K, used 232K [0x00000007f3200000, 0x00000007f3a70000, 0x00000007f5b50000)
  eden space 6976K,   0% used [0x00000007f3200000, 0x00000007f3200000, 0x00000007f38d0000)
  from space 832K,  27% used [0x00000007f38d0000, 0x00000007f390a058, 0x00000007f39a0000)
  to   space 832K,   0% used [0x00000007f39a0000, 0x00000007f39a0000, 0x00000007f3a70000)
 tenured generation   total 17224K, used 12752K [0x00000007f5b50000, 0x00000007f6c22000, 0x00000007fae00000)
   the space 17224K,  74% used [0x00000007f5b50000, 0x00000007f67c4160, 0x00000007f67c4200, 0x00000007f6c22000)
 compacting perm gen  total 21248K, used 18245K [0x00000007fae00000, 0x00000007fc2c0000, 0x0000000800000000)
   the space 21248K,  85% used [0x00000007fae00000, 0x00000007fbfd1438, 0x00000007fbfd1600, 0x00000007fc2c0000)
No shared spaces configured.
}
Event: 72518.566 GC heap before
{Heap before GC invocations=14 (full 3):
 def new generation   total 7808K, used 7218K [0x00000007f3200000, 0x00000007f3a70000, 0x00000007f5b50000)
  eden space 6976K, 100% used [0x00000007f3200000, 0x00000007f38d0000, 0x00000007f38d0000)
  from space 832K,  29% used [0x00000007f38d0000, 0x00000007f390c8f0, 0x00000007f39a0000)
  to   space 832K,   0% used [0x00000007f39a0000, 0x00000007f39a0000, 0x00000007f3a70000)
 tenured generation   total 17224K, used 12752K [0x00000007f5b50000, 0x00000007f6c22000, 0x00000007fae00000)
   the space 17224K,  74% used [0x00000007f5b50000, 0x00000007f67c4160, 0x00000007f67c4200, 0x00000007f6c22000)
 compacting perm gen  total 21248K, used 18267K [0x00000007fae00000, 0x00000007fc2c0000, 0x0000000800000000)
   the space 21248K,  85% used [0x00000007fae00000, 0x00000007fbfd6c80, 0x00000007fbfd6e00, 0x00000007fc2c0000)
No shared spaces configured.
Event: 72518.572 GC heap after
Heap after GC invocations=15 (full 3):
 def new generation   total 7808K, used 832K [0x00000007f3200000, 0x00000007f3a70000, 0x00000007f5b50000)
  eden space 6976K,   0% used [0x00000007f3200000, 0x00000007f3200000, 0x00000007f38d0000)
  from space 832K, 100% used [0x00000007f39a0000, 0x00000007f3a70000, 0x00000007f3a70000)
  to   space 832K,   0% used [0x00000007f38d0000, 0x00000007f38d0000, 0x00000007f39a0000)
 tenured generation   total 17224K, used 15275K [0x00000007f5b50000, 0x00000007f6c22000, 0x00000007fae00000)
   the space 17224K,  88% used [0x00000007f5b50000, 0x00000007f6a3ac38, 0x00000007f6a3ae00, 0x00000007f6c22000)
 compacting perm gen  total 21248K, used 18267K [0x00000007fae00000, 0x00000007fc2c0000, 0x0000000800000000)
   the space 21248K,  85% used [0x00000007fae00000, 0x00000007fbfd6c80, 0x00000007fbfd6e00, 0x00000007fc2c0000)
No shared spaces configured.
}
Event: 72583.419 GC heap before
{Heap before GC invocations=15 (full 3):
 def new generation   total 7808K, used 7808K [0x00000007f3200000, 0x00000007f3a70000, 0x00000007f5b50000)
  eden space 6976K, 100% used [0x00000007f3200000, 0x00000007f38d0000, 0x00000007f38d0000)
  from space 832K, 100% used [0x00000007f39a0000, 0x00000007f3a70000, 0x00000007f3a70000)
  to   space 832K,   0% used [0x00000007f38d0000, 0x00000007f38d0000, 0x00000007f39a0000)
 tenured generation   total 17224K, used 15275K [0x00000007f5b50000, 0x00000007f6c22000, 0x00000007fae00000)
   the space 17224K,  88% used [0x00000007f5b50000, 0x00000007f6a3ac38, 0x00000007f6a3ae00, 0x00000007f6c22000)
 compacting perm gen  total 21248K, used 18342K [0x00000007fae00000, 0x00000007fc2c0000, 0x0000000800000000)
   the space 21248K,  86% used [0x00000007fae00000, 0x00000007fbfe99d8, 0x00000007fbfe9a00, 0x00000007fc2c0000)
No shared spaces configured.
Event: 72583.422 GC heap after
Heap after GC invocations=16 (full 3):
 def new generation   total 7808K, used 242K [0x00000007f3200000, 0x00000007f3a70000, 0x00000007f5b50000)
  eden space 6976K,   0% used [0x00000007f3200000, 0x00000007f3200000, 0x00000007f38d0000)
  from space 832K,  29% used [0x00000007f38d0000, 0x00000007f390cb38, 0x00000007f39a0000)
  to   space 832K,   0% used [0x00000007f39a0000, 0x00000007f39a0000, 0x00000007f3a70000)
 tenured generation   total 17224K, used 16059K [0x00000007f5b50000, 0x00000007f6c22000, 0x00000007fae00000)
   the space 17224K,  93% used [0x00000007f5b50000, 0x00000007f6afed80, 0x00000007f6afee00, 0x00000007f6c22000)
 compacting perm gen  total 21248K, used 18342K [0x00000007fae00000, 0x00000007fc2c0000, 0x0000000800000000)
   the space 21248K,  86% used [0x00000007fae00000, 0x00000007fbfe99d8, 0x00000007fbfe9a00, 0x00000007fc2c0000)
No shared spaces configured.
}
Event: 76735.336 GC heap before
{Heap before GC invocations=16 (full 3):
 def new generation   total 7808K, used 7218K [0x00000007f3200000, 0x00000007f3a70000, 0x00000007f5b50000)
  eden space 6976K, 100% used [0x00000007f3200000, 0x00000007f38d0000, 0x00000007f38d0000)
  from space 832K,  29% used [0x00000007f38d0000, 0x00000007f390cb38, 0x00000007f39a0000)
  to   space 832K,   0% used [0x00000007f39a0000, 0x00000007f39a0000, 0x00000007f3a70000)
 tenured generation   total 17224K, used 16059K [0x00000007f5b50000, 0x00000007f6c22000, 0x00000007fae00000)
   the space 17224K,  93% used [0x00000007f5b50000, 0x00000007f6afed80, 0x00000007f6afee00, 0x00000007f6c22000)
 compacting perm gen  total 21248K, used 18414K [0x00000007fae00000, 0x00000007fc2c0000, 0x0000000800000000)
   the space 21248K,  86% used [0x00000007fae00000, 0x00000007fbffbac8, 0x00000007fbffbc00, 0x00000007fc2c0000)
No shared spaces configured.
Event: 76735.338 GC heap after
Heap after GC invocations=17 (full 3):
 def new generation   total 7808K, used 326K [0x00000007f3200000, 0x00000007f3a70000, 0x00000007f5b50000)
  eden space 6976K,   0% used [0x00000007f3200000, 0x00000007f3200000, 0x00000007f38d0000)
  from space 832K,  39% used [0x00000007f39a0000, 0x00000007f39f1a40, 0x00000007f3a70000)
  to   space 832K,   0% used [0x00000007f38d0000, 0x00000007f38d0000, 0x00000007f39a0000)
 tenured generation   total 17224K, used 16059K [0x00000007f5b50000, 0x00000007f6c22000, 0x00000007fae00000)
   the space 17224K,  93% used [0x00000007f5b50000, 0x00000007f6afed80, 0x00000007f6afee00, 0x00000007f6c22000)
 compacting perm gen  total 21248K, used 18414K [0x00000007fae00000, 0x00000007fc2c0000, 0x0000000800000000)
   the space 21248K,  86% used [0x00000007fae00000, 0x00000007fbffbac8, 0x00000007fbffbc00, 0x00000007fc2c0000)
No shared spaces configured.
}
Event: 79621.295 GC heap before
{Heap before GC invocations=17 (full 3):
 def new generation   total 7808K, used 6866K [0x00000007f3200000, 0x00000007f3a70000, 0x00000007f5b50000)
  eden space 6976K,  93% used [0x00000007f3200000, 0x00000007f3863028, 0x00000007f38d0000)
  from space 832K,  39% used [0x00000007f39a0000, 0x00000007f39f1a40, 0x00000007f3a70000)
  to   space 832K,   0% used [0x00000007f38d0000, 0x00000007f38d0000, 0x00000007f39a0000)
 tenured generation   total 17224K, used 16059K [0x00000007f5b50000, 0x00000007f6c22000, 0x00000007fae00000)
   the space 17224K,  93% used [0x00000007f5b50000, 0x00000007f6afed80, 0x00000007f6afee00, 0x00000007f6c22000)
 compacting perm gen  total 21248K, used 18439K [0x00000007fae00000, 0x00000007fc2c0000, 0x0000000800000000)
   the space 21248K,  86% used [0x00000007fae00000, 0x00000007fc001c88, 0x00000007fc001e00, 0x00000007fc2c0000)
No shared spaces configured.
Event: 79621.299 GC heap after
Heap after GC invocations=18 (full 3):
 def new generation   total 7808K, used 687K [0x00000007f3200000, 0x00000007f3a70000, 0x00000007f5b50000)
  eden space 6976K,   0% used [0x00000007f3200000, 0x00000007f3200000, 0x00000007f38d0000)
  from space 832K,  82% used [0x00000007f38d0000, 0x00000007f397bc88, 0x00000007f39a0000)
  to   space 832K,   0% used [0x00000007f39a0000, 0x00000007f39a0000, 0x00000007f3a70000)
 tenured generation   total 17224K, used 17024K [0x00000007f5b50000, 0x00000007f6c22000, 0x00000007fae00000)
   the space 17224K,  98% used [0x00000007f5b50000, 0x00000007f6bf0320, 0x00000007f6bf0400, 0x00000007f6c22000)
 compacting perm gen  total 21248K, used 18439K [0x00000007fae00000, 0x00000007fc2c0000, 0x0000000800000000)
   the space 21248K,  86% used [0x00000007fae00000, 0x00000007fc001c88, 0x00000007fc001e00, 0x00000007fc2c0000)
No shared spaces configured.
}

