# JRE version: 7.0_25-b15
# Java VM: Java HotSpot(TM) 64-Bit Server VM (23.25-b01 mixed mode bsd-amd64 compressed oops)
Heap
 def new generation   total 7040K, used 5788K [0x00000007f3000000, 0x00000007f37a0000, 0x00000007f5a00000)
  eden space 6272K,  87% used [0x00000007f3000000, 0x00000007f35635d8, 0x00000007f3620000)
  from space 768K,  35% used [0x00000007f36e0000, 0x00000007f3723af8, 0x00000007f37a0000)
  to   space 768K,   0% used [0x00000007f3620000, 0x00000007f3620000, 0x00000007f36e0000)
 tenured generation   total 15580K, used 9997K [0x00000007f5a00000, 0x00000007f6937000, 0x00000007fae00000)
   the space 15580K,  64% used [0x00000007f5a00000, 0x00000007f63c3738, 0x00000007f63c3800, 0x00000007f6937000)
 compacting perm gen  total 21248K, used 17994K [0x00000007fae00000, 0x00000007fc2c0000, 0x0000000800000000)
   the space 21248K,  84% used [0x00000007fae00000, 0x00000007fbf92868, 0x00000007fbf92a00, 0x00000007fc2c0000)
GC Heap History (10 events):
Event: 93.850 GC heap before
{Heap before GC invocations=8 (full 2):
 def new generation   total 7040K, used 6272K [0x00000007f3000000, 0x00000007f37a0000, 0x00000007f5a00000)
  eden space 6272K, 100% used [0x00000007f3000000, 0x00000007f3620000, 0x00000007f3620000)
  from space 768K,   0% used [0x00000007f3620000, 0x00000007f3620000, 0x00000007f36e0000)
  to   space 768K,   0% used [0x00000007f36e0000, 0x00000007f36e0000, 0x00000007f37a0000)
 tenured generation   total 15580K, used 9347K [0x00000007f5a00000, 0x00000007f6937000, 0x00000007fae00000)
   the space 15580K,  59% used [0x00000007f5a00000, 0x00000007f6320c88, 0x00000007f6320e00, 0x00000007f6937000)
 compacting perm gen  total 21248K, used 17470K [0x00000007fae00000, 0x00000007fc2c0000, 0x0000000800000000)
   the space 21248K,  82% used [0x00000007fae00000, 0x00000007fbf0faa0, 0x00000007fbf0fc00, 0x00000007fc2c0000)
No shared spaces configured.
Event: 93.852 GC heap after
Heap after GC invocations=9 (full 2):
 def new generation   total 7040K, used 707K [0x00000007f3000000, 0x00000007f37a0000, 0x00000007f5a00000)
  eden space 6272K,   0% used [0x00000007f3000000, 0x00000007f3000000, 0x00000007f3620000)
  from space 768K,  92% used [0x00000007f36e0000, 0x00000007f3790d38, 0x00000007f37a0000)
  to   space 768K,   0% used [0x00000007f3620000, 0x00000007f3620000, 0x00000007f36e0000)
 tenured generation   total 15580K, used 9347K [0x00000007f5a00000, 0x00000007f6937000, 0x00000007fae00000)
   the space 15580K,  59% used [0x00000007f5a00000, 0x00000007f6320c88, 0x00000007f6320e00, 0x00000007f6937000)
 compacting perm gen  total 21248K, used 17470K [0x00000007fae00000, 0x00000007fc2c0000, 0x0000000800000000)
   the space 21248K,  82% used [0x00000007fae00000, 0x00000007fbf0faa0, 0x00000007fbf0fc00, 0x00000007fc2c0000)
No shared spaces configured.
}
Event: 96.011 GC heap before
{Heap before GC invocations=9 (full 2):
 def new generation   total 7040K, used 6979K [0x00000007f3000000, 0x00000007f37a0000, 0x00000007f5a00000)
  eden space 6272K, 100% used [0x00000007f3000000, 0x00000007f3620000, 0x00000007f3620000)
  from space 768K,  92% used [0x00000007f36e0000, 0x00000007f3790d38, 0x00000007f37a0000)
  to   space 768K,   0% used [0x00000007f3620000, 0x00000007f3620000, 0x00000007f36e0000)
 tenured generation   total 15580K, used 9347K [0x00000007f5a00000, 0x00000007f6937000, 0x00000007fae00000)
   the space 15580K,  59% used [0x00000007f5a00000, 0x00000007f6320c88, 0x00000007f6320e00, 0x00000007f6937000)
 compacting perm gen  total 21248K, used 17476K [0x00000007fae00000, 0x00000007fc2c0000, 0x0000000800000000)
   the space 21248K,  82% used [0x00000007fae00000, 0x00000007fbf111c8, 0x00000007fbf11200, 0x00000007fc2c0000)
No shared spaces configured.
Event: 96.013 GC heap after
Heap after GC invocations=10 (full 2):
 def new generation   total 7040K, used 64K [0x00000007f3000000, 0x00000007f37a0000, 0x00000007f5a00000)
  eden space 6272K,   0% used [0x00000007f3000000, 0x00000007f3000000, 0x00000007f3620000)
  from space 768K,   8% used [0x00000007f3620000, 0x00000007f3630370, 0x00000007f36e0000)
  to   space 768K,   0% used [0x00000007f36e0000, 0x00000007f36e0000, 0x00000007f37a0000)
 tenured generation   total 15580K, used 9997K [0x00000007f5a00000, 0x00000007f6937000, 0x00000007fae00000)
   the space 15580K,  64% used [0x00000007f5a00000, 0x00000007f63c3738, 0x00000007f63c3800, 0x00000007f6937000)
 compacting perm gen  total 21248K, used 17476K [0x00000007fae00000, 0x00000007fc2c0000, 0x0000000800000000)
   the space 21248K,  82% used [0x00000007fae00000, 0x00000007fbf111c8, 0x00000007fbf11200, 0x00000007fc2c0000)
No shared spaces configured.
}
Event: 100.882 GC heap before
{Heap before GC invocations=10 (full 2):
 def new generation   total 7040K, used 6336K [0x00000007f3000000, 0x00000007f37a0000, 0x00000007f5a00000)
  eden space 6272K, 100% used [0x00000007f3000000, 0x00000007f3620000, 0x00000007f3620000)
  from space 768K,   8% used [0x00000007f3620000, 0x00000007f3630370, 0x00000007f36e0000)
  to   space 768K,   0% used [0x00000007f36e0000, 0x00000007f36e0000, 0x00000007f37a0000)
 tenured generation   total 15580K, used 9997K [0x00000007f5a00000, 0x00000007f6937000, 0x00000007fae00000)
   the space 15580K,  64% used [0x00000007f5a00000, 0x00000007f63c3738, 0x00000007f63c3800, 0x00000007f6937000)
 compacting perm gen  total 21248K, used 17484K [0x00000007fae00000, 0x00000007fc2c0000, 0x0000000800000000)
   the space 21248K,  82% used [0x00000007fae00000, 0x00000007fbf131e0, 0x00000007fbf13200, 0x00000007fc2c0000)
No shared spaces configured.
Event: 100.883 GC heap after
Heap after GC invocations=11 (full 2):
 def new generation   total 7040K, used 63K [0x00000007f3000000, 0x00000007f37a0000, 0x00000007f5a00000)
  eden space 6272K,   0% used [0x00000007f3000000, 0x00000007f3000000, 0x00000007f3620000)
  from space 768K,   8% used [0x00000007f36e0000, 0x00000007f36efc58, 0x00000007f37a0000)
  to   space 768K,   0% used [0x00000007f3620000, 0x00000007f3620000, 0x00000007f36e0000)
 tenured generation   total 15580K, used 9997K [0x00000007f5a00000, 0x00000007f6937000, 0x00000007fae00000)
   the space 15580K,  64% used [0x00000007f5a00000, 0x00000007f63c3738, 0x00000007f63c3800, 0x00000007f6937000)
 compacting perm gen  total 21248K, used 17484K [0x00000007fae00000, 0x00000007fc2c0000, 0x0000000800000000)
   the space 21248K,  82% used [0x00000007fae00000, 0x00000007fbf131e0, 0x00000007fbf13200, 0x00000007fc2c0000)
No shared spaces configured.
}
Event: 138.792 GC heap before
{Heap before GC invocations=11 (full 2):
 def new generation   total 7040K, used 6335K [0x00000007f3000000, 0x00000007f37a0000, 0x00000007f5a00000)
  eden space 6272K, 100% used [0x00000007f3000000, 0x00000007f3620000, 0x00000007f3620000)
  from space 768K,   8% used [0x00000007f36e0000, 0x00000007f36efc58, 0x00000007f37a0000)
  to   space 768K,   0% used [0x00000007f3620000, 0x00000007f3620000, 0x00000007f36e0000)
 tenured generation   total 15580K, used 9997K [0x00000007f5a00000, 0x00000007f6937000, 0x00000007fae00000)
   the space 15580K,  64% used [0x00000007f5a00000, 0x00000007f63c3738, 0x00000007f63c3800, 0x00000007f6937000)
 compacting perm gen  total 21248K, used 17494K [0x00000007fae00000, 0x00000007fc2c0000, 0x0000000800000000)
   the space 21248K,  82% used [0x00000007fae00000, 0x00000007fbf15840, 0x00000007fbf15a00, 0x00000007fc2c0000)
No shared spaces configured.
Event: 138.794 GC heap after
Heap after GC invocations=12 (full 2):
 def new generation   total 7040K, used 88K [0x00000007f3000000, 0x00000007f37a0000, 0x00000007f5a00000)
  eden space 6272K,   0% used [0x00000007f3000000, 0x00000007f3000000, 0x00000007f3620000)
  from space 768K,  11% used [0x00000007f3620000, 0x00000007f36360c0, 0x00000007f36e0000)
  to   space 768K,   0% used [0x00000007f36e0000, 0x00000007f36e0000, 0x00000007f37a0000)
 tenured generation   total 15580K, used 9997K [0x00000007f5a00000, 0x00000007f6937000, 0x00000007fae00000)
   the space 15580K,  64% used [0x00000007f5a00000, 0x00000007f63c3738, 0x00000007f63c3800, 0x00000007f6937000)
 compacting perm gen  total 21248K, used 17494K [0x00000007fae00000, 0x00000007fc2c0000, 0x0000000800000000)
   the space 21248K,  82% used [0x00000007fae00000, 0x00000007fbf15840, 0x00000007fbf15a00, 0x00000007fc2c0000)
No shared spaces configured.
}
Event: 155.735 GC heap before
{Heap before GC invocations=12 (full 2):
 def new generation   total 7040K, used 6360K [0x00000007f3000000, 0x00000007f37a0000, 0x00000007f5a00000)
  eden space 6272K, 100% used [0x00000007f3000000, 0x00000007f3620000, 0x00000007f3620000)
  from space 768K,  11% used [0x00000007f3620000, 0x00000007f36360c0, 0x00000007f36e0000)
  to   space 768K,   0% used [0x00000007f36e0000, 0x00000007f36e0000, 0x00000007f37a0000)
 tenured generation   total 15580K, used 9997K [0x00000007f5a00000, 0x00000007f6937000, 0x00000007fae00000)
   the space 15580K,  64% used [0x00000007f5a00000, 0x00000007f63c3738, 0x00000007f63c3800, 0x00000007f6937000)
 compacting perm gen  total 21248K, used 17576K [0x00000007fae00000, 0x00000007fc2c0000, 0x0000000800000000)
   the space 21248K,  82% used [0x00000007fae00000, 0x00000007fbf2a318, 0x00000007fbf2a400, 0x00000007fc2c0000)
No shared spaces configured.
Event: 155.736 GC heap after
Heap after GC invocations=13 (full 2):
 def new generation   total 7040K, used 270K [0x00000007f3000000, 0x00000007f37a0000, 0x00000007f5a00000)
  eden space 6272K,   0% used [0x00000007f3000000, 0x00000007f3000000, 0x00000007f3620000)
  from space 768K,  35% used [0x00000007f36e0000, 0x00000007f3723af8, 0x00000007f37a0000)
  to   space 768K,   0% used [0x00000007f3620000, 0x00000007f3620000, 0x00000007f36e0000)
 tenured generation   total 15580K, used 9997K [0x00000007f5a00000, 0x00000007f6937000, 0x00000007fae00000)
   the space 15580K,  64% used [0x00000007f5a00000, 0x00000007f63c3738, 0x00000007f63c3800, 0x00000007f6937000)
 compacting perm gen  total 21248K, used 17576K [0x00000007fae00000, 0x00000007fc2c0000, 0x0000000800000000)
   the space 21248K,  82% used [0x00000007fae00000, 0x00000007fbf2a318, 0x00000007fbf2a400, 0x00000007fc2c0000)
No shared spaces configured.
}

