# JRE version: 7.0_25-b15
# Java VM: Java HotSpot(TM) 64-Bit Server VM (23.25-b01 mixed mode bsd-amd64 compressed oops)
Heap
 def new generation   total 7232K, used 3082K [0x000000010cb80000, 0x000000010d350000, 0x000000010f220000)
  eden space 6464K,  40% used [0x000000010cb80000, 0x000000010ce12f20, 0x000000010d1d0000)
  from space 768K,  58% used [0x000000010d1d0000, 0x000000010d23f958, 0x000000010d290000)
  to   space 768K,   0% used [0x000000010d290000, 0x000000010d290000, 0x000000010d350000)
 tenured generation   total 15896K, used 10555K [0x000000010f220000, 0x00000001101a6000, 0x0000000113f80000)
   the space 15896K,  66% used [0x000000010f220000, 0x000000010fc6eda0, 0x000000010fc6ee00, 0x00000001101a6000)
 compacting perm gen  total 21248K, used 17846K [0x0000000113f80000, 0x0000000115440000, 0x0000000119180000)
   the space 21248K,  83% used [0x0000000113f80000, 0x00000001150eda98, 0x00000001150edc00, 0x0000000115440000)
GC Heap History (10 events):
Event: 41.221 GC heap before
{Heap before GC invocations=12 (full 2):
 def new generation   total 7232K, used 6472K [0x000000010cb80000, 0x000000010d350000, 0x000000010f220000)
  eden space 6464K, 100% used [0x000000010cb80000, 0x000000010d1d0000, 0x000000010d1d0000)
  from space 768K,   1% used [0x000000010d290000, 0x000000010d292350, 0x000000010d350000)
  to   space 768K,   0% used [0x000000010d1d0000, 0x000000010d1d0000, 0x000000010d290000)
 tenured generation   total 15896K, used 10555K [0x000000010f220000, 0x00000001101a6000, 0x0000000113f80000)
   the space 15896K,  66% used [0x000000010f220000, 0x000000010fc6eda0, 0x000000010fc6ee00, 0x00000001101a6000)
 compacting perm gen  total 21248K, used 17777K [0x0000000113f80000, 0x0000000115440000, 0x0000000119180000)
   the space 21248K,  83% used [0x0000000113f80000, 0x00000001150dc660, 0x00000001150dc800, 0x0000000115440000)
No shared spaces configured.
Event: 41.222 GC heap after
Heap after GC invocations=13 (full 2):
 def new generation   total 7232K, used 20K [0x000000010cb80000, 0x000000010d350000, 0x000000010f220000)
  eden space 6464K,   0% used [0x000000010cb80000, 0x000000010cb80000, 0x000000010d1d0000)
  from space 768K,   2% used [0x000000010d1d0000, 0x000000010d1d5100, 0x000000010d290000)
  to   space 768K,   0% used [0x000000010d290000, 0x000000010d290000, 0x000000010d350000)
 tenured generation   total 15896K, used 10555K [0x000000010f220000, 0x00000001101a6000, 0x0000000113f80000)
   the space 15896K,  66% used [0x000000010f220000, 0x000000010fc6eda0, 0x000000010fc6ee00, 0x00000001101a6000)
 compacting perm gen  total 21248K, used 17777K [0x0000000113f80000, 0x0000000115440000, 0x0000000119180000)
   the space 21248K,  83% used [0x0000000113f80000, 0x00000001150dc660, 0x00000001150dc800, 0x0000000115440000)
No shared spaces configured.
}
Event: 41.233 GC heap before
{Heap before GC invocations=13 (full 2):
 def new generation   total 7232K, used 6484K [0x000000010cb80000, 0x000000010d350000, 0x000000010f220000)
  eden space 6464K, 100% used [0x000000010cb80000, 0x000000010d1d0000, 0x000000010d1d0000)
  from space 768K,   2% used [0x000000010d1d0000, 0x000000010d1d5100, 0x000000010d290000)
  to   space 768K,   0% used [0x000000010d290000, 0x000000010d290000, 0x000000010d350000)
 tenured generation   total 15896K, used 10555K [0x000000010f220000, 0x00000001101a6000, 0x0000000113f80000)
   the space 15896K,  66% used [0x000000010f220000, 0x000000010fc6eda0, 0x000000010fc6ee00, 0x00000001101a6000)
 compacting perm gen  total 21248K, used 17777K [0x0000000113f80000, 0x0000000115440000, 0x0000000119180000)
   the space 21248K,  83% used [0x0000000113f80000, 0x00000001150dc660, 0x00000001150dc800, 0x0000000115440000)
No shared spaces configured.
Event: 41.234 GC heap after
Heap after GC invocations=14 (full 2):
 def new generation   total 7232K, used 21K [0x000000010cb80000, 0x000000010d350000, 0x000000010f220000)
  eden space 6464K,   0% used [0x000000010cb80000, 0x000000010cb80000, 0x000000010d1d0000)
  from space 768K,   2% used [0x000000010d290000, 0x000000010d295418, 0x000000010d350000)
  to   space 768K,   0% used [0x000000010d1d0000, 0x000000010d1d0000, 0x000000010d290000)
 tenured generation   total 15896K, used 10555K [0x000000010f220000, 0x00000001101a6000, 0x0000000113f80000)
   the space 15896K,  66% used [0x000000010f220000, 0x000000010fc6eda0, 0x000000010fc6ee00, 0x00000001101a6000)
 compacting perm gen  total 21248K, used 17777K [0x0000000113f80000, 0x0000000115440000, 0x0000000119180000)
   the space 21248K,  83% used [0x0000000113f80000, 0x00000001150dc660, 0x00000001150dc800, 0x0000000115440000)
No shared spaces configured.
}
Event: 41.246 GC heap before
{Heap before GC invocations=14 (full 2):
 def new generation   total 7232K, used 6485K [0x000000010cb80000, 0x000000010d350000, 0x000000010f220000)
  eden space 6464K, 100% used [0x000000010cb80000, 0x000000010d1d0000, 0x000000010d1d0000)
  from space 768K,   2% used [0x000000010d290000, 0x000000010d295418, 0x000000010d350000)
  to   space 768K,   0% used [0x000000010d1d0000, 0x000000010d1d0000, 0x000000010d290000)
 tenured generation   total 15896K, used 10555K [0x000000010f220000, 0x00000001101a6000, 0x0000000113f80000)
   the space 15896K,  66% used [0x000000010f220000, 0x000000010fc6eda0, 0x000000010fc6ee00, 0x00000001101a6000)
 compacting perm gen  total 21248K, used 17777K [0x0000000113f80000, 0x0000000115440000, 0x0000000119180000)
   the space 21248K,  83% used [0x0000000113f80000, 0x00000001150dc660, 0x00000001150dc800, 0x0000000115440000)
No shared spaces configured.
Event: 41.246 GC heap after
Heap after GC invocations=15 (full 2):
 def new generation   total 7232K, used 21K [0x000000010cb80000, 0x000000010d350000, 0x000000010f220000)
  eden space 6464K,   0% used [0x000000010cb80000, 0x000000010cb80000, 0x000000010d1d0000)
  from space 768K,   2% used [0x000000010d1d0000, 0x000000010d1d5748, 0x000000010d290000)
  to   space 768K,   0% used [0x000000010d290000, 0x000000010d290000, 0x000000010d350000)
 tenured generation   total 15896K, used 10555K [0x000000010f220000, 0x00000001101a6000, 0x0000000113f80000)
   the space 15896K,  66% used [0x000000010f220000, 0x000000010fc6eda0, 0x000000010fc6ee00, 0x00000001101a6000)
 compacting perm gen  total 21248K, used 17777K [0x0000000113f80000, 0x0000000115440000, 0x0000000119180000)
   the space 21248K,  83% used [0x0000000113f80000, 0x00000001150dc660, 0x00000001150dc800, 0x0000000115440000)
No shared spaces configured.
}
Event: 41.257 GC heap before
{Heap before GC invocations=15 (full 2):
 def new generation   total 7232K, used 6485K [0x000000010cb80000, 0x000000010d350000, 0x000000010f220000)
  eden space 6464K, 100% used [0x000000010cb80000, 0x000000010d1d0000, 0x000000010d1d0000)
  from space 768K,   2% used [0x000000010d1d0000, 0x000000010d1d5748, 0x000000010d290000)
  to   space 768K,   0% used [0x000000010d290000, 0x000000010d290000, 0x000000010d350000)
 tenured generation   total 15896K, used 10555K [0x000000010f220000, 0x00000001101a6000, 0x0000000113f80000)
   the space 15896K,  66% used [0x000000010f220000, 0x000000010fc6eda0, 0x000000010fc6ee00, 0x00000001101a6000)
 compacting perm gen  total 21248K, used 17777K [0x0000000113f80000, 0x0000000115440000, 0x0000000119180000)
   the space 21248K,  83% used [0x0000000113f80000, 0x00000001150dc660, 0x00000001150dc800, 0x0000000115440000)
No shared spaces configured.
Event: 41.258 GC heap after
Heap after GC invocations=16 (full 2):
 def new generation   total 7232K, used 21K [0x000000010cb80000, 0x000000010d350000, 0x000000010f220000)
  eden space 6464K,   0% used [0x000000010cb80000, 0x000000010cb80000, 0x000000010d1d0000)
  from space 768K,   2% used [0x000000010d290000, 0x000000010d295748, 0x000000010d350000)
  to   space 768K,   0% used [0x000000010d1d0000, 0x000000010d1d0000, 0x000000010d290000)
 tenured generation   total 15896K, used 10555K [0x000000010f220000, 0x00000001101a6000, 0x0000000113f80000)
   the space 15896K,  66% used [0x000000010f220000, 0x000000010fc6eda0, 0x000000010fc6ee00, 0x00000001101a6000)
 compacting perm gen  total 21248K, used 17777K [0x0000000113f80000, 0x0000000115440000, 0x0000000119180000)
   the space 21248K,  83% used [0x0000000113f80000, 0x00000001150dc660, 0x00000001150dc800, 0x0000000115440000)
No shared spaces configured.
}
Event: 45.292 GC heap before
{Heap before GC invocations=16 (full 2):
 def new generation   total 7232K, used 6485K [0x000000010cb80000, 0x000000010d350000, 0x000000010f220000)
  eden space 6464K, 100% used [0x000000010cb80000, 0x000000010d1d0000, 0x000000010d1d0000)
  from space 768K,   2% used [0x000000010d290000, 0x000000010d295748, 0x000000010d350000)
  to   space 768K,   0% used [0x000000010d1d0000, 0x000000010d1d0000, 0x000000010d290000)
 tenured generation   total 15896K, used 10555K [0x000000010f220000, 0x00000001101a6000, 0x0000000113f80000)
   the space 15896K,  66% used [0x000000010f220000, 0x000000010fc6eda0, 0x000000010fc6ee00, 0x00000001101a6000)
 compacting perm gen  total 21248K, used 17805K [0x0000000113f80000, 0x0000000115440000, 0x0000000119180000)
   the space 21248K,  83% used [0x0000000113f80000, 0x00000001150e3428, 0x00000001150e3600, 0x0000000115440000)
No shared spaces configured.
Event: 45.293 GC heap after
Heap after GC invocations=17 (full 2):
 def new generation   total 7232K, used 446K [0x000000010cb80000, 0x000000010d350000, 0x000000010f220000)
  eden space 6464K,   0% used [0x000000010cb80000, 0x000000010cb80000, 0x000000010d1d0000)
  from space 768K,  58% used [0x000000010d1d0000, 0x000000010d23f958, 0x000000010d290000)
  to   space 768K,   0% used [0x000000010d290000, 0x000000010d290000, 0x000000010d350000)
 tenured generation   total 15896K, used 10555K [0x000000010f220000, 0x00000001101a6000, 0x0000000113f80000)
   the space 15896K,  66% used [0x000000010f220000, 0x000000010fc6eda0, 0x000000010fc6ee00, 0x00000001101a6000)
 compacting perm gen  total 21248K, used 17805K [0x0000000113f80000, 0x0000000115440000, 0x0000000119180000)
   the space 21248K,  83% used [0x0000000113f80000, 0x00000001150e3428, 0x00000001150e3600, 0x0000000115440000)
No shared spaces configured.
}

