# JRE version: 7.0_25-b15
# Java VM: Java HotSpot(TM) 64-Bit Server VM (23.25-b01 mixed mode bsd-amd64 compressed oops)
Heap
 def new generation   total 7488K, used 4039K [0x00000007f3000000, 0x00000007f3820000, 0x00000007f5a00000)
  eden space 6656K,  58% used [0x00000007f3000000, 0x00000007f33d3620, 0x00000007f3680000)
  from space 832K,  14% used [0x00000007f3680000, 0x00000007f369e838, 0x00000007f3750000)
  to   space 832K,   0% used [0x00000007f3750000, 0x00000007f3750000, 0x00000007f3820000)
 tenured generation   total 16500K, used 15505K [0x00000007f5a00000, 0x00000007f6a1d000, 0x00000007fae00000)
   the space 16500K,  93% used [0x00000007f5a00000, 0x00000007f69247f0, 0x00000007f6924800, 0x00000007f6a1d000)
 compacting perm gen  total 21248K, used 17798K [0x00000007fae00000, 0x00000007fc2c0000, 0x0000000800000000)
   the space 21248K,  83% used [0x00000007fae00000, 0x00000007fbf61878, 0x00000007fbf61a00, 0x00000007fc2c0000)
GC Heap History (10 events):
Event: 9.070 GC heap before
{Heap before GC invocations=7 (full 1):
 def new generation   total 3712K, used 3632K [0x00000007f3000000, 0x00000007f3400000, 0x00000007f5a00000)
  eden space 3328K,  97% used [0x00000007f3000000, 0x00000007f332c150, 0x00000007f3340000)
  from space 384K, 100% used [0x00000007f33a0000, 0x00000007f3400000, 0x00000007f3400000)
  to   space 384K,   0% used [0x00000007f3340000, 0x00000007f3340000, 0x00000007f33a0000)
 tenured generation   total 8108K, used 6810K [0x00000007f5a00000, 0x00000007f61eb000, 0x00000007fae00000)
   the space 8108K,  83% used [0x00000007f5a00000, 0x00000007f60a6890, 0x00000007f60a6a00, 0x00000007f61eb000)
 compacting perm gen  total 21248K, used 17306K [0x00000007fae00000, 0x00000007fc2c0000, 0x0000000800000000)
   the space 21248K,  81% used [0x00000007fae00000, 0x00000007fbee6b78, 0x00000007fbee6c00, 0x00000007fc2c0000)
No shared spaces configured.
Event: 9.113 GC heap after
Heap after GC invocations=8 (full 2):
 def new generation   total 7488K, used 0K [0x00000007f3000000, 0x00000007f3820000, 0x00000007f5a00000)
  eden space 6656K,   0% used [0x00000007f3000000, 0x00000007f3000000, 0x00000007f3680000)
  from space 832K,   0% used [0x00000007f3680000, 0x00000007f3680000, 0x00000007f3750000)
  to   space 832K,   0% used [0x00000007f3750000, 0x00000007f3750000, 0x00000007f3820000)
 tenured generation   total 16500K, used 9897K [0x00000007f5a00000, 0x00000007f6a1d000, 0x00000007fae00000)
   the space 16500K,  59% used [0x00000007f5a00000, 0x00000007f63aa7a0, 0x00000007f63aa800, 0x00000007f6a1d000)
 compacting perm gen  total 21248K, used 17306K [0x00000007fae00000, 0x00000007fc2c0000, 0x0000000800000000)
   the space 21248K,  81% used [0x00000007fae00000, 0x00000007fbee6b78, 0x00000007fbee6c00, 0x00000007fc2c0000)
No shared spaces configured.
}
Event: 37.991 GC heap before
{Heap before GC invocations=8 (full 2):
 def new generation   total 7488K, used 6656K [0x00000007f3000000, 0x00000007f3820000, 0x00000007f5a00000)
  eden space 6656K, 100% used [0x00000007f3000000, 0x00000007f3680000, 0x00000007f3680000)
  from space 832K,   0% used [0x00000007f3680000, 0x00000007f3680000, 0x00000007f3750000)
  to   space 832K,   0% used [0x00000007f3750000, 0x00000007f3750000, 0x00000007f3820000)
 tenured generation   total 16500K, used 9897K [0x00000007f5a00000, 0x00000007f6a1d000, 0x00000007fae00000)
   the space 16500K,  59% used [0x00000007f5a00000, 0x00000007f63aa7a0, 0x00000007f63aa800, 0x00000007f6a1d000)
 compacting perm gen  total 21248K, used 17610K [0x00000007fae00000, 0x00000007fc2c0000, 0x0000000800000000)
   the space 21248K,  82% used [0x00000007fae00000, 0x00000007fbf32b00, 0x00000007fbf32c00, 0x00000007fc2c0000)
No shared spaces configured.
Event: 37.994 GC heap after
Heap after GC invocations=9 (full 2):
 def new generation   total 7488K, used 626K [0x00000007f3000000, 0x00000007f3820000, 0x00000007f5a00000)
  eden space 6656K,   0% used [0x00000007f3000000, 0x00000007f3000000, 0x00000007f3680000)
  from space 832K,  75% used [0x00000007f3750000, 0x00000007f37eca80, 0x00000007f3820000)
  to   space 832K,   0% used [0x00000007f3680000, 0x00000007f3680000, 0x00000007f3750000)
 tenured generation   total 16500K, used 9897K [0x00000007f5a00000, 0x00000007f6a1d000, 0x00000007fae00000)
   the space 16500K,  59% used [0x00000007f5a00000, 0x00000007f63aa7a0, 0x00000007f63aa800, 0x00000007f6a1d000)
 compacting perm gen  total 21248K, used 17610K [0x00000007fae00000, 0x00000007fc2c0000, 0x0000000800000000)
   the space 21248K,  82% used [0x00000007fae00000, 0x00000007fbf32b00, 0x00000007fbf32c00, 0x00000007fc2c0000)
No shared spaces configured.
}
Event: 28045.476 GC heap before
{Heap before GC invocations=9 (full 2):
 def new generation   total 7488K, used 7032K [0x00000007f3000000, 0x00000007f3820000, 0x00000007f5a00000)
  eden space 6656K,  96% used [0x00000007f3000000, 0x00000007f3641620, 0x00000007f3680000)
  from space 832K,  75% used [0x00000007f3750000, 0x00000007f37eca80, 0x00000007f3820000)
  to   space 832K,   0% used [0x00000007f3680000, 0x00000007f3680000, 0x00000007f3750000)
 tenured generation   total 16500K, used 9897K [0x00000007f5a00000, 0x00000007f6a1d000, 0x00000007fae00000)
   the space 16500K,  59% used [0x00000007f5a00000, 0x00000007f63aa7a0, 0x00000007f63aa800, 0x00000007f6a1d000)
 compacting perm gen  total 21248K, used 17690K [0x00000007fae00000, 0x00000007fc2c0000, 0x0000000800000000)
   the space 21248K,  83% used [0x00000007fae00000, 0x00000007fbf46a50, 0x00000007fbf46c00, 0x00000007fc2c0000)
No shared spaces configured.
Event: 28045.480 GC heap after
Heap after GC invocations=10 (full 2):
 def new generation   total 7488K, used 832K [0x00000007f3000000, 0x00000007f3820000, 0x00000007f5a00000)
  eden space 6656K,   0% used [0x00000007f3000000, 0x00000007f3000000, 0x00000007f3680000)
  from space 832K, 100% used [0x00000007f3680000, 0x00000007f3750000, 0x00000007f3750000)
  to   space 832K,   0% used [0x00000007f3750000, 0x00000007f3750000, 0x00000007f3820000)
 tenured generation   total 16500K, used 13687K [0x00000007f5a00000, 0x00000007f6a1d000, 0x00000007fae00000)
   the space 16500K,  82% used [0x00000007f5a00000, 0x00000007f675dea8, 0x00000007f675e000, 0x00000007f6a1d000)
 compacting perm gen  total 21248K, used 17690K [0x00000007fae00000, 0x00000007fc2c0000, 0x0000000800000000)
   the space 21248K,  83% used [0x00000007fae00000, 0x00000007fbf46a50, 0x00000007fbf46c00, 0x00000007fc2c0000)
No shared spaces configured.
}
Event: 46768.763 GC heap before
{Heap before GC invocations=10 (full 2):
 def new generation   total 7488K, used 6050K [0x00000007f3000000, 0x00000007f3820000, 0x00000007f5a00000)
  eden space 6656K,  78% used [0x00000007f3000000, 0x00000007f3518970, 0x00000007f3680000)
  from space 832K, 100% used [0x00000007f3680000, 0x00000007f3750000, 0x00000007f3750000)
  to   space 832K,   0% used [0x00000007f3750000, 0x00000007f3750000, 0x00000007f3820000)
 tenured generation   total 16500K, used 13687K [0x00000007f5a00000, 0x00000007f6a1d000, 0x00000007fae00000)
   the space 16500K,  82% used [0x00000007f5a00000, 0x00000007f675dea8, 0x00000007f675e000, 0x00000007f6a1d000)
 compacting perm gen  total 21248K, used 17719K [0x00000007fae00000, 0x00000007fc2c0000, 0x0000000800000000)
   the space 21248K,  83% used [0x00000007fae00000, 0x00000007fbf4dc70, 0x00000007fbf4de00, 0x00000007fc2c0000)
No shared spaces configured.
Event: 46768.767 GC heap after
Heap after GC invocations=11 (full 2):
 def new generation   total 7488K, used 744K [0x00000007f3000000, 0x00000007f3820000, 0x00000007f5a00000)
  eden space 6656K,   0% used [0x00000007f3000000, 0x00000007f3000000, 0x00000007f3680000)
  from space 832K,  89% used [0x00000007f3750000, 0x00000007f380a2f8, 0x00000007f3820000)
  to   space 832K,   0% used [0x00000007f3680000, 0x00000007f3680000, 0x00000007f3750000)
 tenured generation   total 16500K, used 14763K [0x00000007f5a00000, 0x00000007f6a1d000, 0x00000007fae00000)
   the space 16500K,  89% used [0x00000007f5a00000, 0x00000007f686af80, 0x00000007f686b000, 0x00000007f6a1d000)
 compacting perm gen  total 21248K, used 17719K [0x00000007fae00000, 0x00000007fc2c0000, 0x0000000800000000)
   the space 21248K,  83% used [0x00000007fae00000, 0x00000007fbf4dc70, 0x00000007fbf4de00, 0x00000007fc2c0000)
No shared spaces configured.
}
Event: 51875.657 GC heap before
{Heap before GC invocations=11 (full 2):
 def new generation   total 7488K, used 6447K [0x00000007f3000000, 0x00000007f3820000, 0x00000007f5a00000)
  eden space 6656K,  85% used [0x00000007f3000000, 0x00000007f3591a38, 0x00000007f3680000)
  from space 832K,  89% used [0x00000007f3750000, 0x00000007f380a2f8, 0x00000007f3820000)
  to   space 832K,   0% used [0x00000007f3680000, 0x00000007f3680000, 0x00000007f3750000)
 tenured generation   total 16500K, used 14763K [0x00000007f5a00000, 0x00000007f6a1d000, 0x00000007fae00000)
   the space 16500K,  89% used [0x00000007f5a00000, 0x00000007f686af80, 0x00000007f686b000, 0x00000007f6a1d000)
 compacting perm gen  total 21248K, used 17798K [0x00000007fae00000, 0x00000007fc2c0000, 0x0000000800000000)
   the space 21248K,  83% used [0x00000007fae00000, 0x00000007fbf61878, 0x00000007fbf61a00, 0x00000007fc2c0000)
No shared spaces configured.
Event: 51875.659 GC heap after
Heap after GC invocations=12 (full 2):
 def new generation   total 7488K, used 122K [0x00000007f3000000, 0x00000007f3820000, 0x00000007f5a00000)
  eden space 6656K,   0% used [0x00000007f3000000, 0x00000007f3000000, 0x00000007f3680000)
  from space 832K,  14% used [0x00000007f3680000, 0x00000007f369e838, 0x00000007f3750000)
  to   space 832K,   0% used [0x00000007f3750000, 0x00000007f3750000, 0x00000007f3820000)
 tenured generation   total 16500K, used 15505K [0x00000007f5a00000, 0x00000007f6a1d000, 0x00000007fae00000)
   the space 16500K,  93% used [0x00000007f5a00000, 0x00000007f69247f0, 0x00000007f6924800, 0x00000007f6a1d000)
 compacting perm gen  total 21248K, used 17798K [0x00000007fae00000, 0x00000007fc2c0000, 0x0000000800000000)
   the space 21248K,  83% used [0x00000007fae00000, 0x00000007fbf61878, 0x00000007fbf61a00, 0x00000007fc2c0000)
No shared spaces configured.
}

